execve("./part1.x", ["./part1.x"], 0x7ffd582fccf0 /* 52 vars */) = 0
brk(NULL)                               = 0x5598810e9000
arch_prctl(0x3001 /* ARCH_??? */, 0x7fff52dce2e0) = -1 EINVAL (Invalid argument)
access("/etc/ld.so.preload", R_OK)      = -1 ENOENT (No such file or directory)
openat(AT_FDCWD, "/etc/ld.so.cache", O_RDONLY|O_CLOEXEC) = 3
fstat(3, {st_mode=S_IFREG|0644, st_size=66461, ...}) = 0
mmap(NULL, 66461, PROT_READ, MAP_PRIVATE, 3, 0) = 0x7f84ff0a3000
close(3)                                = 0
openat(AT_FDCWD, "/lib/x86_64-linux-gnu/libc.so.6", O_RDONLY|O_CLOEXEC) = 3
read(3, "\177ELF\2\1\1\3\0\0\0\0\0\0\0\0\3\0>\0\1\0\0\0\360q\2\0\0\0\0\0"..., 832) = 832
pread64(3, "\6\0\0\0\4\0\0\0@\0\0\0\0\0\0\0@\0\0\0\0\0\0\0@\0\0\0\0\0\0\0"..., 784, 64) = 784
pread64(3, "\4\0\0\0\20\0\0\0\5\0\0\0GNU\0\2\0\0\300\4\0\0\0\3\0\0\0\0\0\0\0", 32, 848) = 32
pread64(3, "\4\0\0\0\24\0\0\0\3\0\0\0GNU\0cBR\340\305\370\2609W\242\345)q\235A\1"..., 68, 880) = 68
fstat(3, {st_mode=S_IFREG|0755, st_size=2029224, ...}) = 0
mmap(NULL, 8192, PROT_READ|PROT_WRITE, MAP_PRIVATE|MAP_ANONYMOUS, -1, 0) = 0x7f84ff0a1000
pread64(3, "\6\0\0\0\4\0\0\0@\0\0\0\0\0\0\0@\0\0\0\0\0\0\0@\0\0\0\0\0\0\0"..., 784, 64) = 784
pread64(3, "\4\0\0\0\20\0\0\0\5\0\0\0GNU\0\2\0\0\300\4\0\0\0\3\0\0\0\0\0\0\0", 32, 848) = 32
pread64(3, "\4\0\0\0\24\0\0\0\3\0\0\0GNU\0cBR\340\305\370\2609W\242\345)q\235A\1"..., 68, 880) = 68
mmap(NULL, 2036952, PROT_READ, MAP_PRIVATE|MAP_DENYWRITE, 3, 0) = 0x7f84feeaf000
mprotect(0x7f84feed4000, 1847296, PROT_NONE) = 0
mmap(0x7f84feed4000, 1540096, PROT_READ|PROT_EXEC, MAP_PRIVATE|MAP_FIXED|MAP_DENYWRITE, 3, 0x25000) = 0x7f84feed4000
mmap(0x7f84ff04c000, 303104, PROT_READ, MAP_PRIVATE|MAP_FIXED|MAP_DENYWRITE, 3, 0x19d000) = 0x7f84ff04c000
mmap(0x7f84ff097000, 24576, PROT_READ|PROT_WRITE, MAP_PRIVATE|MAP_FIXED|MAP_DENYWRITE, 3, 0x1e7000) = 0x7f84ff097000
mmap(0x7f84ff09d000, 13528, PROT_READ|PROT_WRITE, MAP_PRIVATE|MAP_FIXED|MAP_ANONYMOUS, -1, 0) = 0x7f84ff09d000
close(3)                                = 0
arch_prctl(ARCH_SET_FS, 0x7f84ff0a2540) = 0
mprotect(0x7f84ff097000, 12288, PROT_READ) = 0
mprotect(0x55987f8ea000, 4096, PROT_READ) = 0
mprotect(0x7f84ff0e1000, 4096, PROT_READ) = 0
munmap(0x7f84ff0a3000, 66461)           = 0
getcpu([0], [0], NULL)                  = 0
getcpu([0], [0], NULL)                  = 0
getcpu([0], [0], NULL)                  = 0
getcpu([0], [0], NULL)                  = 0
getcpu([0], [0], NULL)                  = 0
getcpu([0], [0], NULL)                  = 0
getcpu([0], [0], NULL)                  = 0
exit_group(0)                           = ?
+++ exited with 0 +++
